<?xml version="1.0" encoding="UTF-8"?>
<!-- Generated by org.testng.reporters.JUnitReportReporter -->
<testsuite hostname="VSANKAR2" name="com.miscellaneous.SecureAccountsTests" tests="2" failures="0" timestamp="23 Jan 2019 02:38:58 GMT" time="188.550" errors="0">
  <testcase name="verify_the_FP_login_register_url" time="22.267" classname="com.miscellaneous.SecureAccountsTests"/>
  <testcase name="verify_the_login_logout_url" time="166.283" classname="com.miscellaneous.SecureAccountsTests"/>
</testsuite> <!-- com.miscellaneous.SecureAccountsTests -->
