<?xml version="1.0" encoding="UTF-8"?>
<!-- Generated by org.testng.reporters.JUnitReportReporter -->
<testsuite hostname="VSANKAR2" name="com.awardtokens.SegIdTokens" tests="1" failures="0" timestamp="23 Jan 2019 02:38:58 GMT" time="448.840" errors="0">
  <testcase name="verify_tokens_seg_id" time="448.840" classname="com.awardtokens.SegIdTokens"/>
</testsuite> <!-- com.awardtokens.SegIdTokens -->
