<?xml version="1.0" encoding="UTF-8"?>
<!-- Generated by org.testng.reporters.JUnitReportReporter -->
<testsuite hostname="VSANKAR2" name="com.lightbox.SignInRegisterLightboxTests" tests="3" failures="0" timestamp="23 Jan 2019 02:38:58 GMT" time="417.509" errors="0">
  <testcase name="verify_register_signin_lb_for_unrec_user_on_serp" time="59.471" classname="com.lightbox.SignInRegisterLightboxTests"/>
  <testcase name="verify_signin_lb_for_unrec_user" time="155.418" classname="com.lightbox.SignInRegisterLightboxTests"/>
  <testcase name="verify_register_lb_for_unrec_user" time="202.620" classname="com.lightbox.SignInRegisterLightboxTests"/>
</testsuite> <!-- com.lightbox.SignInRegisterLightboxTests -->
