<?xml version="1.0" encoding="UTF-8"?>
<!-- Generated by org.testng.reporters.JUnitReportReporter -->
<testsuite hostname="VSANKAR2" name="com.nfsp.NFSPTests" tests="3" failures="0" timestamp="23 Jan 2019 02:38:58 GMT" time="462.056" errors="0">
  <testcase name="verify_default_nfsp_for_rec_user" time="183.376" classname="com.nfsp.NFSPTests"/>
  <testcase name="verify_nfsp_for_rec_user_after_27_search" time="223.983" classname="com.nfsp.NFSPTests"/>
  <testcase name="verify_nfsp_after_5_search_for_unrec_user" time="54.697" classname="com.nfsp.NFSPTests"/>
</testsuite> <!-- com.nfsp.NFSPTests -->
