<?xml version="1.0" encoding="UTF-8"?>
<!-- Generated by org.testng.reporters.JUnitReportReporter -->
<testsuite hostname="VSANKAR2" name="com.miscellaneous.EcParameterTests" tests="2" failures="0" timestamp="23 Jan 2019 02:38:58 GMT" time="280.333" errors="0">
  <testcase name="verify_entry_message_on_latest_activity_tab" time="132.893" classname="com.miscellaneous.EcParameterTests"/>
  <testcase name="verify_promotion_campaign_email" time="147.440" classname="com.miscellaneous.EcParameterTests"/>
</testsuite> <!-- com.miscellaneous.EcParameterTests -->
