<?xml version="1.0" encoding="UTF-8"?>
<!-- Generated by org.testng.reporters.JUnitReportReporter -->
<testsuite hostname="VSANKAR2" name="com.lightbox.HighRiskLightboxTests" tests="5" failures="0" timestamp="23 Jan 2019 02:38:58 GMT" time="1248.180" errors="0">
  <testcase name="verify_500th_search_lb" time="277.847" classname="com.lightbox.HighRiskLightboxTests"/>
  <testcase name="verify_25th_search_lb" time="253.196" classname="com.lightbox.HighRiskLightboxTests"/>
  <testcase name="verify_rapid_lb_for_rec_user" time="259.915" classname="com.lightbox.HighRiskLightboxTests"/>
  <testcase name="verify_40th_search_lb" time="222.622" classname="com.lightbox.HighRiskLightboxTests"/>
  <testcase name="verify_75th_search_lb" time="234.600" classname="com.lightbox.HighRiskLightboxTests"/>
</testsuite> <!-- com.lightbox.HighRiskLightboxTests -->
