<?xml version="1.0" encoding="UTF-8"?>
<!-- Generated by org.testng.reporters.JUnitReportReporter -->
<testsuite hostname="VSANKAR2" name="com.sweepstakes.Sweepstakes" tests="7" failures="1" timestamp="23 Jan 2019 02:38:58 GMT" time="2208.272" errors="0">
  <testcase name="verify_sweepstakes_on_edl_recipe_page" time="307.739" classname="com.sweepstakes.Sweepstakes"/>
  <testcase name="verify_sweepstakes_on_edl_health_page" time="299.538" classname="com.sweepstakes.Sweepstakes"/>
  <testcase name="verify_sweepstakes_on_edl_comics_page" time="309.290" classname="com.sweepstakes.Sweepstakes"/>
  <testcase name="verify_sweepstakes_on_edl_lifehacks_page" time="341.913" classname="com.sweepstakes.Sweepstakes"/>
  <testcase name="verify_sweepstakes_on_edl_pets_page" time="337.220" classname="com.sweepstakes.Sweepstakes">
    <failure type="java.lang.AssertionError" message="expected [true] but found [false]">
      <![CDATA[java.lang.AssertionError: expected [true] but found [false]
	at org.testng.Assert.fail(Assert.java:94)
	at org.testng.Assert.failNotEquals(Assert.java:513)
	at org.testng.Assert.assertTrue(Assert.java:42)
	at org.testng.Assert.assertTrue(Assert.java:52)
	at com.util.WrapperFunctions.assertTrue(WrapperFunctions.java:1699)
	at com.pageobjects.SweepstakesPage.play_sweeps_and_verify_complete_state(SweepstakesPage.java:238)
	at com.sweepstakes.Sweepstakes.verify_sweepstakes_on_edl_pets_page(Sweepstakes.java:268)
	at sun.reflect.NativeMethodAccessorImpl.invoke0(Native Method)
	at sun.reflect.NativeMethodAccessorImpl.invoke(Unknown Source)
	at sun.reflect.DelegatingMethodAccessorImpl.invoke(Unknown Source)
	at java.lang.reflect.Method.invoke(Unknown Source)
	at org.testng.internal.MethodInvocationHelper.invokeMethod(MethodInvocationHelper.java:86)
	at org.testng.internal.Invoker.invokeMethod(Invoker.java:643)
	at org.testng.internal.Invoker.invokeTestMethod(Invoker.java:820)
	at org.testng.internal.Invoker.invokeTestMethods(Invoker.java:1128)
	at org.testng.internal.TestMethodWorker.invokeTestMethods(TestMethodWorker.java:129)
	at org.testng.internal.TestMethodWorker.run(TestMethodWorker.java:112)
	at org.testng.TestRunner.privateRun(TestRunner.java:782)
	at org.testng.TestRunner.run(TestRunner.java:632)
	at org.testng.SuiteRunner.runTest(SuiteRunner.java:366)
	at org.testng.SuiteRunner.runSequentially(SuiteRunner.java:361)
	at org.testng.SuiteRunner.privateRun(SuiteRunner.java:319)
	at org.testng.SuiteRunner.run(SuiteRunner.java:268)
	at org.testng.SuiteRunnerWorker.runSuite(SuiteRunnerWorker.java:52)
	at org.testng.SuiteRunnerWorker.run(SuiteRunnerWorker.java:86)
	at org.testng.TestNG.runSuitesSequentially(TestNG.java:1244)
	at org.testng.TestNG.runSuitesLocally(TestNG.java:1169)
	at org.testng.TestNG.run(TestNG.java:1064)
	at org.testng.remote.AbstractRemoteTestNG.run(AbstractRemoteTestNG.java:114)
	at org.testng.remote.RemoteTestNG.initAndRun(RemoteTestNG.java:251)
	at org.testng.remote.RemoteTestNG.main(RemoteTestNG.java:77)
]]>
    </failure>
  </testcase> <!-- verify_sweepstakes_on_edl_pets_page -->
  <testcase name="verify_sweepstakes_on_edl_trending_page" time="305.728" classname="com.sweepstakes.Sweepstakes"/>
  <testcase name="verify_sweepstakes_on_edl_home_page" time="306.844" classname="com.sweepstakes.Sweepstakes"/>
</testsuite> <!-- com.sweepstakes.Sweepstakes -->
