<?xml version="1.0" encoding="UTF-8"?>
<!-- Generated by org.testng.reporters.JUnitReportReporter -->
<testsuite hostname="VSANKAR2" name="com.lightbox.CompleteRegistrationLightboxTests" tests="3" failures="0" timestamp="23 Jan 2019 02:38:58 GMT" time="595.153" errors="0">
  <testcase name="verify_complete_registration_lb_for_mini_reg" time="218.868" classname="com.lightbox.CompleteRegistrationLightboxTests"/>
  <testcase name="verify_complete_registration_lb_for_silver_user" time="163.494" classname="com.lightbox.CompleteRegistrationLightboxTests"/>
  <testcase name="verify_complete_registration_lb_for_social_user" time="212.791" classname="com.lightbox.CompleteRegistrationLightboxTests"/>
</testsuite> <!-- com.lightbox.CompleteRegistrationLightboxTests -->
