<?xml version="1.0" encoding="UTF-8"?>
<!-- Generated by org.testng.reporters.JUnitReportReporter -->
<testsuite hostname="VSANKAR2" name="com.miscellaneous.HeaderTests" tests="1" failures="0" timestamp="23 Jan 2019 02:38:58 GMT" time="227.347" errors="0">
  <testcase name="verify_newly_added_header" time="227.347" classname="com.miscellaneous.HeaderTests"/>
</testsuite> <!-- com.miscellaneous.HeaderTests -->
