<?xml version="1.0" encoding="UTF-8"?>
<!-- Generated by org.testng.reporters.JUnitReportReporter -->
<testsuite hostname="VSANKAR2" name="com.vip.VipTests" tests="3" failures="0" timestamp="23 Jan 2019 02:38:58 GMT" time="1849.120" errors="0">
  <testcase name="verify_vip_activity" time="708.970" classname="com.vip.VipTests"/>
  <testcase name="verify_vip_activity_by_search" time="762.667" classname="com.vip.VipTests"/>
  <testcase name="verify_vip_call_trigger_order" time="377.483" classname="com.vip.VipTests"/>
</testsuite> <!-- com.vip.VipTests -->
