<?xml version="1.0" encoding="UTF-8"?>
<!-- Generated by org.testng.reporters.JUnitReportReporter -->
<testsuite hostname="VSANKAR2" name="com.miscellaneous.CategoryMenuTests" tests="7" failures="0" timestamp="23 Jan 2019 02:38:58 GMT" time="1186.585" errors="0">
  <testcase name="verify_ads_on_category_page" time="233.736" classname="com.miscellaneous.CategoryMenuTests"/>
  <testcase name="verfiy_newly_added_sub_category" time="141.660" classname="com.miscellaneous.CategoryMenuTests"/>
  <testcase name="verify_page_redirection" time="146.700" classname="com.miscellaneous.CategoryMenuTests"/>
  <testcase name="verify_native_gpt_ad_positioning" time="148.425" classname="com.miscellaneous.CategoryMenuTests"/>
  <testcase name="verfiy_hover_header_menu" time="138.054" classname="com.miscellaneous.CategoryMenuTests"/>
  <testcase name="verify_popular_videos_position" time="141.423" classname="com.miscellaneous.CategoryMenuTests"/>
  <testcase name="verify_top_story_native_ad" time="236.587" classname="com.miscellaneous.CategoryMenuTests"/>
</testsuite> <!-- com.miscellaneous.CategoryMenuTests -->
