<?xml version="1.0" encoding="UTF-8"?>
<!-- Generated by org.testng.reporters.JUnitReportReporter -->
<testsuite hostname="VSANKAR2" name="com.login.AccountsClientPackageIntegrationTests" tests="7" failures="0" timestamp="23 Jan 2019 02:38:58 GMT" time="2168.890" errors="0">
  <testcase name="B_43858_AccountsClientPackageIntegration" time="475.201" classname="com.login.AccountsClientPackageIntegrationTests"/>
  <testcase name="B43858_AccountsclientpackageIntegration_CompleteRegistration" time="866.606" classname="com.login.AccountsClientPackageIntegrationTests"/>
  <testcase name="B43858_AccountsclientpackageIntegration_ForgotPassword" time="29.315" classname="com.login.AccountsClientPackageIntegrationTests"/>
  <testcase name="B43858_AccountsclientpackageIntegration_MyAccount" time="138.384" classname="com.login.AccountsClientPackageIntegrationTests"/>
  <testcase name="B43858_AccountsclientpackageIntegrationSignout" time="131.798" classname="com.login.AccountsClientPackageIntegrationTests"/>
  <testcase name="B43858_AccountsclientpackageIntegration_RegisterPage" time="222.013" classname="com.login.AccountsClientPackageIntegrationTests"/>
  <testcase name="B43858_AccountsclientpackageIntegration_signin" time="305.573" classname="com.login.AccountsClientPackageIntegrationTests"/>
</testsuite> <!-- com.login.AccountsClientPackageIntegrationTests -->
