<?xml version="1.0" encoding="UTF-8"?>
<!-- Generated by org.testng.reporters.JUnitReportReporter -->
<testsuite hostname="VSANKAR2" name="com.miscellaneous.SubCategoryMenuTests" tests="3" failures="0" timestamp="23 Jan 2019 02:38:58 GMT" time="616.315" errors="0">
  <testcase name="verify_ads_on_sub_category_page" time="228.119" classname="com.miscellaneous.SubCategoryMenuTests"/>
  <testcase name="verify_native_ad_positioning" time="157.963" classname="com.miscellaneous.SubCategoryMenuTests"/>
  <testcase name="verify_page_articles_count" time="230.233" classname="com.miscellaneous.SubCategoryMenuTests"/>
</testsuite> <!-- com.miscellaneous.SubCategoryMenuTests -->
