<?xml version="1.0" encoding="UTF-8"?>
<!-- Generated by org.testng.reporters.JUnitReportReporter -->
<testsuite hostname="VSANKAR2" name="com.miscellaneous.ContentFeedSitepageTests" tests="1" failures="0" timestamp="23 Jan 2019 02:38:58 GMT" time="44.385" errors="0">
  <testcase name="content_feed_tests" time="44.385" classname="com.miscellaneous.ContentFeedSitepageTests"/>
</testsuite> <!-- com.miscellaneous.ContentFeedSitepageTests -->
