<?xml version="1.0" encoding="UTF-8"?>
<!-- Generated by org.testng.reporters.JUnitReportReporter -->
<testsuite hostname="VSANKAR2" name="com.search.SearchTests" tests="8" failures="0" timestamp="23 Jan 2019 13:38:51 GMT" time="1271.565" errors="0">
  <testcase name="verify_openx_banner_rec_user" time="130.428" classname="com.search.SearchTests"/>
  <testcase name="verify_collapse_search_box_rec_user" time="153.466" classname="com.search.SearchTests"/>
  <testcase name="verify_openx_banner_unrec_user" time="33.909" classname="com.search.SearchTests"/>
  <testcase name="verify_inhouse_ads" time="335.367" classname="com.search.SearchTests"/>
  <testcase name="verify_serp_pagination_carousel_shopping" time="100.249" classname="com.search.SearchTests"/>
  <testcase name="verify_collapse_search_box_unrec_user" time="45.173" classname="com.search.SearchTests"/>
  <testcase name="verify_tokens_for_consecutive_search_for_same_keyword" time="223.351" classname="com.search.SearchTests"/>
  <testcase name="verify_search_box_redirection" time="249.622" classname="com.search.SearchTests"/>
</testsuite> <!-- com.search.SearchTests -->
