<?xml version="1.0" encoding="UTF-8"?>
<!-- Generated by org.testng.reporters.JUnitReportReporter -->
<testsuite hostname="VSANKAR2" name="com.miscellaneous.HeaderConfigTests" tests="2" failures="0" timestamp="23 Jan 2019 02:38:58 GMT" time="286.221" errors="0">
  <testcase name="footer_menu_navigation" time="123.487" classname="com.miscellaneous.HeaderConfigTests"/>
  <testcase name="header_menu_config" time="162.734" classname="com.miscellaneous.HeaderConfigTests"/>
</testsuite> <!-- com.miscellaneous.HeaderConfigTests -->
