<?xml version="1.0" encoding="UTF-8"?>
<!-- Generated by org.testng.reporters.JUnitReportReporter -->
<testsuite hostname="VSANKAR2" name="com.lightbox.OptinLightboxTests" tests="4" failures="0" timestamp="23 Jan 2019 02:38:58 GMT" time="827.920" errors="0">
  <testcase name="verify_optin_lb_for_silver_user" time="150.941" classname="com.lightbox.OptinLightboxTests"/>
  <testcase name="verify_optin_lb_for_full_reg_user" time="293.642" classname="com.lightbox.OptinLightboxTests"/>
  <testcase name="verify_optin_lb_for_social_user" time="153.652" classname="com.lightbox.OptinLightboxTests"/>
  <testcase name="verify_optin_lb_for_mini_reg_user" time="229.685" classname="com.lightbox.OptinLightboxTests"/>
</testsuite> <!-- com.lightbox.OptinLightboxTests -->
