<?xml version="1.0" encoding="UTF-8"?>
<!-- Generated by org.testng.reporters.JUnitReportReporter -->
<testsuite hostname="VSANKAR2" name="com.miscellaneous.FooterConfigTests" tests="2" failures="0" timestamp="23 Jan 2019 02:38:58 GMT" time="272.410" errors="0">
  <testcase name="footer_menu_navigation" time="199.631" classname="com.miscellaneous.FooterConfigTests"/>
  <testcase name="footer_menu_config" time="72.779" classname="com.miscellaneous.FooterConfigTests"/>
</testsuite> <!-- com.miscellaneous.FooterConfigTests -->
