<?xml version="1.0" encoding="UTF-8"?>
<!-- Generated by org.testng.reporters.JUnitReportReporter -->
<testsuite hostname="VSANKAR2" name="com.lightbox.WelcomeLightBoxTests" tests="4" failures="0" timestamp="23 Jan 2019 02:38:58 GMT" time="1147.388" errors="0">
  <testcase name="verify_welcome_lb_for_rec_user" time="318.109" classname="com.lightbox.WelcomeLightBoxTests"/>
  <testcase name="verify_welcome_lb_for_mini_reg_user" time="279.252" classname="com.lightbox.WelcomeLightBoxTests"/>
  <testcase name="verify_welcome_lb_for_silver_user" time="276.260" classname="com.lightbox.WelcomeLightBoxTests"/>
  <testcase name="verify_welcome_lb_for_social_user" time="273.767" classname="com.lightbox.WelcomeLightBoxTests"/>
</testsuite> <!-- com.lightbox.WelcomeLightBoxTests -->
