<?xml version="1.0" encoding="UTF-8"?>
<!-- Generated by org.testng.reporters.JUnitReportReporter -->
<testsuite hostname="VSANKAR2" name="com.lightbox.CompleteRegistrationLightboxTests" tests="3" failures="0" timestamp="1 Feb 2019 12:52:33 GMT" time="687.747" errors="0">
  <testcase name="verify_complete_registration_lb_for_mini_reg" time="244.103" classname="com.lightbox.CompleteRegistrationLightboxTests"/>
  <testcase name="verify_complete_registration_lb_for_social_user" time="241.758" classname="com.lightbox.CompleteRegistrationLightboxTests"/>
  <testcase name="verify_complete_registration_lb_for_silver_user" time="201.886" classname="com.lightbox.CompleteRegistrationLightboxTests"/>
</testsuite> <!-- com.lightbox.CompleteRegistrationLightboxTests -->
