<?xml version="1.0" encoding="UTF-8"?>
<!-- Generated by org.testng.reporters.JUnitReportReporter -->
<testsuite hostname="VSANKAR2" name="com.miscellaneous.CategoryMenuTests" tests="4" failures="0" timestamp="31 Jan 2019 18:23:54 GMT" time="1814.466" errors="0">
  <testcase name="verify_ads_on_category_page" time="859.072" classname="com.miscellaneous.CategoryMenuTests"/>
  <testcase name="verfiy_newly_added_sub_category" time="496.154" classname="com.miscellaneous.CategoryMenuTests"/>
  <testcase name="verify_top_story_native_ad" time="304.740" classname="com.miscellaneous.CategoryMenuTests"/>
  <testcase name="verify_native_gpt_ad_positioning" time="154.500" classname="com.miscellaneous.CategoryMenuTests"/>
</testsuite> <!-- com.miscellaneous.CategoryMenuTests -->
