<?xml version="1.0" encoding="UTF-8"?>
<!-- Generated by org.testng.reporters.JUnitReportReporter -->
<testsuite hostname="VSANKAR2" name="com.usertypes.SilveruserTests" tests="1" failures="0" timestamp="1 Feb 2019 12:52:33 GMT" time="742.890" errors="0">
  <testcase name="verify_claim_button_on_all_pages_for_silver_user" time="742.890" classname="com.usertypes.SilveruserTests"/>
</testsuite> <!-- com.usertypes.SilveruserTests -->
