<?xml version="1.0" encoding="UTF-8"?>
<!-- Generated by org.testng.reporters.JUnitReportReporter -->
<testsuite hostname="VSANKAR2" name="com.miscellaneous.OurPicksTests" tests="1" failures="0" timestamp="1 Feb 2019 12:52:33 GMT" time="242.155" errors="0">
  <testcase name="verify_ads_on_homepage" time="242.155" classname="com.miscellaneous.OurPicksTests"/>
</testsuite> <!-- com.miscellaneous.OurPicksTests -->
