<?xml version="1.0" encoding="UTF-8"?>
<!-- Generated by org.testng.reporters.JUnitReportReporter -->
<testsuite hostname="VSANKAR2" name="com.lightbox.HighRiskLightboxTests" tests="5" failures="0" timestamp="1 Feb 2019 12:52:33 GMT" time="1283.416" errors="0">
  <testcase name="verify_rapid_lb_for_rec_user" time="267.637" classname="com.lightbox.HighRiskLightboxTests"/>
  <testcase name="verify_40th_search_lb" time="213.748" classname="com.lightbox.HighRiskLightboxTests"/>
  <testcase name="verify_25th_search_lb" time="257.009" classname="com.lightbox.HighRiskLightboxTests"/>
  <testcase name="verify_500th_search_lb" time="305.369" classname="com.lightbox.HighRiskLightboxTests"/>
  <testcase name="verify_75th_search_lb" time="239.653" classname="com.lightbox.HighRiskLightboxTests"/>
</testsuite> <!-- com.lightbox.HighRiskLightboxTests -->
