<?xml version="1.0" encoding="UTF-8"?>
<!-- Generated by org.testng.reporters.JUnitReportReporter -->
<testsuite hostname="VSANKAR2" name="com.lightbox.SignInRegisterLightboxTests" tests="3" failures="0" timestamp="1 Feb 2019 12:52:33 GMT" time="563.937" errors="0">
  <testcase name="verify_signin_lb_for_unrec_user" time="219.805" classname="com.lightbox.SignInRegisterLightboxTests"/>
  <testcase name="verify_register_lb_for_unrec_user" time="278.465" classname="com.lightbox.SignInRegisterLightboxTests"/>
  <testcase name="verify_register_signin_lb_for_unrec_user_on_serp" time="65.667" classname="com.lightbox.SignInRegisterLightboxTests"/>
</testsuite> <!-- com.lightbox.SignInRegisterLightboxTests -->
