<?xml version="1.0" encoding="UTF-8"?>
<!-- Generated by org.testng.reporters.JUnitReportReporter -->
<testsuite hostname="VSANKAR2" name="com.lightbox.WelcomeLightBoxTests" tests="4" failures="0" timestamp="1 Feb 2019 12:52:33 GMT" time="1091.171" errors="0">
  <testcase name="verify_welcome_lb_for_silver_user" time="269.134" classname="com.lightbox.WelcomeLightBoxTests"/>
  <testcase name="verify_welcome_lb_for_mini_reg_user" time="238.102" classname="com.lightbox.WelcomeLightBoxTests"/>
  <testcase name="verify_welcome_lb_for_rec_user" time="305.214" classname="com.lightbox.WelcomeLightBoxTests"/>
  <testcase name="verify_welcome_lb_for_social_user" time="278.721" classname="com.lightbox.WelcomeLightBoxTests"/>
</testsuite> <!-- com.lightbox.WelcomeLightBoxTests -->
