<?xml version="1.0" encoding="UTF-8"?>
<!-- Generated by org.testng.reporters.JUnitReportReporter -->
<testsuite hostname="VSANKAR2" name="com.lottery.LotteryTests" tests="3" failures="0" timestamp="1 Feb 2019 12:52:33 GMT" time="675.650" errors="0">
  <testcase name="verify_ads_on_lottery_page" time="236.525" classname="com.lottery.LotteryTests"/>
  <testcase name="verify_lottery_page_unrecognized_user" time="111.818" classname="com.lottery.LotteryTests"/>
  <testcase name="verify_lottery_page_recognized_user" time="327.307" classname="com.lottery.LotteryTests"/>
</testsuite> <!-- com.lottery.LotteryTests -->
