<?xml version="1.0" encoding="UTF-8"?>
<!-- Generated by org.testng.reporters.JUnitReportReporter -->
<testsuite hostname="VSANKAR2" name="com.search.SearchTests" tests="8" failures="0" timestamp="1 Feb 2019 12:52:33 GMT" time="1380.403" errors="0">
  <testcase name="verify_inhouse_ads" time="335.798" classname="com.search.SearchTests"/>
  <testcase name="verify_collapse_search_box_rec_user" time="167.534" classname="com.search.SearchTests"/>
  <testcase name="verify_collapse_search_box_unrec_user" time="66.035" classname="com.search.SearchTests"/>
  <testcase name="verify_openx_banner_rec_user" time="137.501" classname="com.search.SearchTests"/>
  <testcase name="verify_serp_pagination_carousel_shopping" time="116.081" classname="com.search.SearchTests"/>
  <testcase name="verify_search_box_redirection" time="301.456" classname="com.search.SearchTests"/>
  <testcase name="verify_openx_banner_unrec_user" time="36.976" classname="com.search.SearchTests"/>
  <testcase name="verify_tokens_for_consecutive_search_for_same_keyword" time="219.022" classname="com.search.SearchTests"/>
</testsuite> <!-- com.search.SearchTests -->
