<?xml version="1.0" encoding="UTF-8"?>
<!-- Generated by org.testng.reporters.JUnitReportReporter -->
<testsuite hostname="VSANKAR2" name="com.miscellaneous.SubCategoryMenuTests" tests="3" failures="0" timestamp="31 Jan 2019 18:23:54 GMT" time="1166.569" errors="0">
  <testcase name="verify_ads_on_sub_category_page" time="312.851" classname="com.miscellaneous.SubCategoryMenuTests"/>
  <testcase name="verify_native_ad_positioning" time="571.018" classname="com.miscellaneous.SubCategoryMenuTests"/>
  <testcase name="verify_page_articles_count" time="282.700" classname="com.miscellaneous.SubCategoryMenuTests"/>
</testsuite> <!-- com.miscellaneous.SubCategoryMenuTests -->
