<?xml version="1.0" encoding="UTF-8"?>
<!-- Generated by org.testng.reporters.JUnitReportReporter -->
<testsuite hostname="VSANKAR2" name="com.weather.WeatherTests" tests="4" failures="0" timestamp="1 Feb 2019 12:52:33 GMT" time="800.866" errors="0">
  <testcase name="verify_hourly_forecast_details" time="177.920" classname="com.weather.WeatherTests"/>
  <testcase name="weather_climate_history" time="162.844" classname="com.weather.WeatherTests"/>
  <testcase name="verify_daily_forecast_details" time="193.140" classname="com.weather.WeatherTests"/>
  <testcase name="verify_ads_on_weather_page" time="266.962" classname="com.weather.WeatherTests"/>
</testsuite> <!-- com.weather.WeatherTests -->
