<?xml version="1.0" encoding="UTF-8"?>
<!-- Generated by org.testng.reporters.JUnitReportReporter -->
<testsuite hostname="VSANKAR2" name="com.usertypes.FBUserTests" tests="2" failures="0" timestamp="1 Feb 2019 12:52:33 GMT" time="742.220" errors="0">
  <testcase name="verify_the_registration_form_for_social_user" time="196.721" classname="com.usertypes.FBUserTests"/>
  <testcase name="verify_claim_button_on_all_pages_for_social_user" time="545.499" classname="com.usertypes.FBUserTests"/>
</testsuite> <!-- com.usertypes.FBUserTests -->
