<?xml version="1.0" encoding="UTF-8"?>
<!-- Generated by org.testng.reporters.JUnitReportReporter -->
<testsuite hostname="VSANKAR2" name="com.miscellaneous.EcParameterTests" tests="2" failures="0" timestamp="1 Feb 2019 12:52:33 GMT" time="280.764" errors="0">
  <testcase name="verify_entry_message_on_latest_activity_tab" time="118.033" classname="com.miscellaneous.EcParameterTests"/>
  <testcase name="verify_promotion_campaign_email" time="162.731" classname="com.miscellaneous.EcParameterTests"/>
</testsuite> <!-- com.miscellaneous.EcParameterTests -->
