<?xml version="1.0" encoding="UTF-8"?>
<!-- Generated by org.testng.reporters.JUnitReportReporter -->
<testsuite hostname="VSANKAR2" failures="0" tests="3" name="com.miscellaneous.SubCategoryMenuTests" time="566.284" errors="0" timestamp="19 Mar 2019 05:38:55 GMT">
  <testcase classname="com.miscellaneous.SubCategoryMenuTests" name="verify_ads_on_sub_category_page" time="184.799"/>
  <testcase classname="com.miscellaneous.SubCategoryMenuTests" name="verify_native_ad_positioning" time="135.447"/>
  <testcase classname="com.miscellaneous.SubCategoryMenuTests" name="verify_page_articles_count" time="246.038"/>
</testsuite> <!-- com.miscellaneous.SubCategoryMenuTests -->
