<?xml version="1.0" encoding="UTF-8"?>
<!-- Generated by org.testng.reporters.JUnitReportReporter -->
<testsuite hostname="VSANKAR2" failures="0" tests="4" name="com.lightbox.WelcomeLightBoxTests" time="920.679" errors="0" timestamp="19 Mar 2019 05:38:55 GMT">
  <testcase classname="com.lightbox.WelcomeLightBoxTests" name="verify_welcome_lb_for_silver_user" time="203.953"/>
  <testcase classname="com.lightbox.WelcomeLightBoxTests" name="verify_welcome_lb_for_rec_user" time="270.861"/>
  <testcase classname="com.lightbox.WelcomeLightBoxTests" name="verify_welcome_lb_for_social_user" time="231.084"/>
  <testcase classname="com.lightbox.WelcomeLightBoxTests" name="verify_welcome_lb_for_mini_reg_user" time="214.781"/>
</testsuite> <!-- com.lightbox.WelcomeLightBoxTests -->
