<?xml version="1.0" encoding="UTF-8"?>
<!-- Generated by org.testng.reporters.JUnitReportReporter -->
<testsuite hostname="VSANKAR2" failures="0" tests="4" name="com.lightbox.OptinLightboxTests" time="996.873" errors="0" timestamp="19 Mar 2019 05:38:55 GMT">
  <testcase classname="com.lightbox.OptinLightboxTests" name="verify_optin_lb_for_full_reg_user" time="481.225"/>
  <testcase classname="com.lightbox.OptinLightboxTests" name="verify_optin_lb_for_silver_user" time="150.114"/>
  <testcase classname="com.lightbox.OptinLightboxTests" name="verify_optin_lb_for_social_user" time="151.039"/>
  <testcase classname="com.lightbox.OptinLightboxTests" name="verify_optin_lb_for_mini_reg_user" time="214.495"/>
</testsuite> <!-- com.lightbox.OptinLightboxTests -->
