<?xml version="1.0" encoding="UTF-8"?>
<!-- Generated by org.testng.reporters.JUnitReportReporter -->
<testsuite hostname="VSANKAR2" failures="0" tests="7" name="com.sweepstakes.Sweepstakes" time="1723.621" errors="0" timestamp="19 Mar 2019 05:38:55 GMT">
  <testcase classname="com.sweepstakes.Sweepstakes" name="verify_sweepstakes_on_edl_comics_page" time="237.918"/>
  <testcase classname="com.sweepstakes.Sweepstakes" name="verify_sweepstakes_on_edl_lifehacks_page" time="255.883"/>
  <testcase classname="com.sweepstakes.Sweepstakes" name="verify_sweepstakes_on_edl_pets_page" time="247.400"/>
  <testcase classname="com.sweepstakes.Sweepstakes" name="verify_sweepstakes_on_edl_home_page" time="237.098"/>
  <testcase classname="com.sweepstakes.Sweepstakes" name="verify_sweepstakes_on_edl_health_page" time="241.973"/>
  <testcase classname="com.sweepstakes.Sweepstakes" name="verify_sweepstakes_on_edl_recipe_page" time="249.354"/>
  <testcase classname="com.sweepstakes.Sweepstakes" name="verify_sweepstakes_on_edl_trending_page" time="253.995"/>
</testsuite> <!-- com.sweepstakes.Sweepstakes -->
