<?xml version="1.0" encoding="UTF-8"?>
<!-- Generated by org.testng.reporters.JUnitReportReporter -->
<testsuite hostname="VSANKAR2" failures="0" tests="3" name="com.lightbox.SignInRegisterLightboxTests" time="414.588" errors="0" timestamp="19 Mar 2019 05:38:55 GMT">
  <testcase classname="com.lightbox.SignInRegisterLightboxTests" name="verify_register_lb_for_unrec_user" time="220.218"/>
  <testcase classname="com.lightbox.SignInRegisterLightboxTests" name="verify_register_signin_lb_for_unrec_user_on_serp" time="67.410"/>
  <testcase classname="com.lightbox.SignInRegisterLightboxTests" name="verify_signin_lb_for_unrec_user" time="126.960"/>
</testsuite> <!-- com.lightbox.SignInRegisterLightboxTests -->
