<?xml version="1.0" encoding="UTF-8"?>
<!-- Generated by org.testng.reporters.JUnitReportReporter -->
<testsuite hostname="VSANKAR2" failures="0" tests="4" name="com.miscellaneous.CategoryMenuTests" time="517.270" errors="0" timestamp="19 Mar 2019 05:38:55 GMT">
  <testcase classname="com.miscellaneous.CategoryMenuTests" name="verify_ads_on_category_page" time="168.541"/>
  <testcase classname="com.miscellaneous.CategoryMenuTests" name="verify_top_story_native_ad" time="118.394"/>
  <testcase classname="com.miscellaneous.CategoryMenuTests" name="verify_native_gpt_ad_positioning" time="120.374"/>
  <testcase classname="com.miscellaneous.CategoryMenuTests" name="verfiy_newly_added_sub_category" time="109.961"/>
</testsuite> <!-- com.miscellaneous.CategoryMenuTests -->
