<?xml version="1.0" encoding="UTF-8"?>
<!-- Generated by org.testng.reporters.JUnitReportReporter -->
<testsuite hostname="VSANKAR2" failures="0" tests="3" name="com.nfsp.NFSPTests" time="399.069" errors="0" timestamp="19 Mar 2019 05:38:55 GMT">
  <testcase classname="com.nfsp.NFSPTests" name="verify_nfsp_after_5_search_for_unrec_user" time="70.871"/>
  <testcase classname="com.nfsp.NFSPTests" name="verify_default_nfsp_for_rec_user" time="159.526"/>
  <testcase classname="com.nfsp.NFSPTests" name="verify_nfsp_for_rec_user_after_27_search" time="168.672"/>
</testsuite> <!-- com.nfsp.NFSPTests -->
