<?xml version="1.0" encoding="UTF-8"?>
<!-- Generated by org.testng.reporters.JUnitReportReporter -->
<testsuite hostname="VSANKAR2" failures="0" tests="1" name="com.miscellaneous.OurPicksTests" time="118.411" errors="0" timestamp="19 Mar 2019 05:38:55 GMT">
  <testcase classname="com.miscellaneous.OurPicksTests" name="verify_ads_on_homepage" time="118.411"/>
</testsuite> <!-- com.miscellaneous.OurPicksTests -->
