<?xml version="1.0" encoding="UTF-8"?>
<!-- Generated by org.testng.reporters.JUnitReportReporter -->
<testsuite hostname="VSANKAR2" failures="0" tests="3" name="com.lightbox.CompleteRegistrationLightboxTests" time="607.730" errors="0" timestamp="19 Mar 2019 05:38:55 GMT">
  <testcase classname="com.lightbox.CompleteRegistrationLightboxTests" name="verify_complete_registration_lb_for_mini_reg" time="204.105"/>
  <testcase classname="com.lightbox.CompleteRegistrationLightboxTests" name="verify_complete_registration_lb_for_social_user" time="246.295"/>
  <testcase classname="com.lightbox.CompleteRegistrationLightboxTests" name="verify_complete_registration_lb_for_silver_user" time="157.330"/>
</testsuite> <!-- com.lightbox.CompleteRegistrationLightboxTests -->
