<?xml version="1.0" encoding="UTF-8"?>
<!-- Generated by org.testng.reporters.JUnitReportReporter -->
<testsuite hostname="VSANKAR2" failures="0" tests="5" name="com.lightbox.HighRiskLightboxTests" time="959.488" errors="0" timestamp="19 Mar 2019 05:38:55 GMT">
  <testcase classname="com.lightbox.HighRiskLightboxTests" name="verify_500th_search_lb" time="224.503"/>
  <testcase classname="com.lightbox.HighRiskLightboxTests" name="verify_40th_search_lb" time="169.355"/>
  <testcase classname="com.lightbox.HighRiskLightboxTests" name="verify_25th_search_lb" time="202.578"/>
  <testcase classname="com.lightbox.HighRiskLightboxTests" name="verify_rapid_lb_for_rec_user" time="201.318"/>
  <testcase classname="com.lightbox.HighRiskLightboxTests" name="verify_75th_search_lb" time="161.734"/>
</testsuite> <!-- com.lightbox.HighRiskLightboxTests -->
